2025-12-27 06:30:18,670 - __main__ - INFO - Запуск воркера: worker_id=runner_5853c362b639, video_path=test_videos\video_2025-12-27_04-47-07.mp4
2025-12-27 06:30:18,670 - app.runner.video_processor - INFO - VideoProcessor инициализирован для файла: test_videos\video_2025-12-27_04-47-07.mp4
2025-12-27 06:30:18,671 - app.runner.inference_client - INFO - InferenceClient инициализирован, URL: http://localhost:8001
2025-12-27 06:30:18,671 - app.orchestrator.kafka_client - INFO - KafkaClient инициализирован, bootstrap_servers=None
2025-12-27 06:30:18,671 - app.runner.runner - INFO - Runner инициализирован: runner_id=runner_5853c362b639, video_path=test_videos\video_2025-12-27_04-47-07.mp4
2025-12-27 06:30:18,671 - app.orchestrator.kafka_client - INFO - KafkaClient инициализирован, bootstrap_servers=localhost:9092
2025-12-27 06:30:18,671 - app.runner.kafka_worker - INFO - KafkaWorker инициализирован: worker_id=runner_5853c362b639
2025-12-27 06:30:18,807 - app.orchestrator.kafka_client - INFO - Подключение к Kafka установлено
2025-12-27 06:30:18,879 - app.orchestrator.kafka_client - INFO - Подключение к Kafka установлено
2025-12-27 06:30:18,879 - app.runner.runner - INFO - Runner runner_5853c362b639 запущен
2025-12-27 06:30:18,879 - app.runner.kafka_worker - INFO - Worker runner_5853c362b639 запущен
2025-12-27 06:30:18,879 - aiokafka.consumer.subscription_state - INFO - Updating subscribed topics to: frozenset({'scenarios'})
2025-12-27 06:30:18,952 - aiokafka.consumer.group_coordinator - INFO - Discovered coordinator 1 for group runners_group
2025-12-27 06:30:18,952 - aiokafka.consumer.group_coordinator - INFO - Revoking previously assigned partitions set() for group runners_group
2025-12-27 06:30:18,952 - aiokafka.consumer.group_coordinator - INFO - (Re-)joining group runners_group
2025-12-27 06:30:22,079 - aiokafka.consumer.group_coordinator - INFO - Joined group 'runners_group' (generation 43) with member_id aiokafka-0.10.0-ecb4cf4d-25ba-4a5f-ac39-8d8d72252478
2025-12-27 06:30:22,086 - aiokafka.consumer.group_coordinator - INFO - Successfully synced group runners_group with generation 43
2025-12-27 06:30:22,087 - aiokafka.consumer.group_coordinator - INFO - Setting newly assigned partitions set() for group runners_group
2025-12-27 06:30:22,087 - app.orchestrator.kafka_client - INFO - Consumer создан для топика 'scenarios', group_id='runners_group'
2025-12-27 06:30:22,087 - app.runner.kafka_worker - INFO - Worker runner_5853c362b639 начал чтение из топика 'scenarios'
2025-12-27 06:30:25,095 - aiokafka.consumer.group_coordinator - WARNING - Heartbeat failed for group runners_group because it is rebalancing
2025-12-27 06:30:25,095 - aiokafka.consumer.group_coordinator - INFO - Revoking previously assigned partitions frozenset() for group runners_group
2025-12-27 06:30:25,096 - aiokafka.consumer.group_coordinator - INFO - (Re-)joining group runners_group
2025-12-27 06:30:25,101 - aiokafka.consumer.group_coordinator - INFO - Joined group 'runners_group' (generation 44) with member_id aiokafka-0.10.0-ecb4cf4d-25ba-4a5f-ac39-8d8d72252478
2025-12-27 06:30:25,105 - aiokafka.consumer.group_coordinator - INFO - Successfully synced group runners_group with generation 44
2025-12-27 06:30:25,105 - aiokafka.consumer.group_coordinator - INFO - Setting newly assigned partitions set() for group runners_group
2025-12-27 06:31:25,905 - aiokafka.consumer.group_coordinator - INFO - LeaveGroup request succeeded
2025-12-27 06:31:25,906 - app.orchestrator.kafka_client - INFO - Отключение от Kafka завершено
2025-12-27 06:31:25,906 - app.runner.runner - INFO - Runner runner_5853c362b639 остановлен
2025-12-27 06:31:25,907 - app.orchestrator.kafka_client - INFO - Отключение от Kafka завершено
2025-12-27 06:31:25,908 - app.runner.kafka_worker - INFO - Worker runner_5853c362b639 остановлен
Подключение к базе данных установлено
Подключение к базе данных закрыто
Traceback (most recent call last):
  File "C:\Users\ноут\AppData\Local\Programs\Python\Python312\Lib\asyncio\runners.py", line 118, in run
    return self._loop.run_until_complete(task)
           ^^^^^^^^^^^^^^^^^^^^^^^^^^^^^^^^^^^
  File "C:\Users\ноут\AppData\Local\Programs\Python\Python312\Lib\asyncio\base_events.py", line 685, in run_until_complete
    return future.result()
           ^^^^^^^^^^^^^^^
  File "C:\Users\ноут\Desktop\arch_dz\run_worker.py", line 35, in main
    await worker.run()
  File "C:\Users\ноут\Desktop\arch_dz\app\runner\kafka_worker.py", line 94, in run
    async for msg in consumer:
  File "C:\Users\ноут\AppData\Local\Programs\Python\Python312\Lib\site-packages\aiokafka\consumer\consumer.py", line 1268, in __anext__
    return (await self.getone())
            ^^^^^^^^^^^^^^^^^^^
  File "C:\Users\ноут\AppData\Local\Programs\Python\Python312\Lib\site-packages\aiokafka\consumer\consumer.py", line 1154, in getone
    msg = await self._fetcher.next_record(partitions)
          ^^^^^^^^^^^^^^^^^^^^^^^^^^^^^^^^^^^^^^^^^^^
  File "C:\Users\ноут\AppData\Local\Programs\Python\Python312\Lib\site-packages\aiokafka\consumer\fetcher.py", line 1041, in next_record
    await waiter
asyncio.exceptions.CancelledError

During handling of the above exception, another exception occurred:

Traceback (most recent call last):
  File "C:\Users\ноут\Desktop\arch_dz\run_worker.py", line 43, in <module>
    asyncio.run(main())
  File "C:\Users\ноут\AppData\Local\Programs\Python\Python312\Lib\asyncio\runners.py", line 194, in run
    return runner.run(main)
           ^^^^^^^^^^^^^^^^
  File "C:\Users\ноут\AppData\Local\Programs\Python\Python312\Lib\asyncio\runners.py", line 123, in run
    raise KeyboardInterrupt()
KeyboardInterrupt
