2025-12-27 06:33:31,772 - __main__ - INFO - Запуск воркера: worker_id=runner_a4886336cd94, video_path=test_videos\video_2025-12-27_04-47-07.mp4
2025-12-27 06:33:31,774 - app.runner.video_processor - INFO - VideoProcessor инициализирован для файла: test_videos\video_2025-12-27_04-47-07.mp4
2025-12-27 06:33:31,774 - app.runner.inference_client - INFO - InferenceClient инициализирован, URL: http://localhost:8001
2025-12-27 06:33:31,774 - app.orchestrator.kafka_client - INFO - KafkaClient инициализирован, bootstrap_servers=None
2025-12-27 06:33:31,774 - app.runner.runner - INFO - Runner инициализирован: runner_id=runner_a4886336cd94, video_path=test_videos\video_2025-12-27_04-47-07.mp4
2025-12-27 06:33:31,775 - app.orchestrator.kafka_client - INFO - KafkaClient инициализирован, bootstrap_servers=localhost:9092
2025-12-27 06:33:31,775 - app.runner.kafka_worker - INFO - KafkaWorker инициализирован: worker_id=runner_a4886336cd94
2025-12-27 06:33:31,886 - app.orchestrator.kafka_client - INFO - Подключение к Kafka установлено
2025-12-27 06:33:31,930 - app.orchestrator.kafka_client - INFO - Подключение к Kafka установлено
2025-12-27 06:33:31,931 - app.runner.runner - INFO - Runner runner_a4886336cd94 запущен
2025-12-27 06:33:31,931 - app.runner.kafka_worker - INFO - Worker runner_a4886336cd94 запущен
2025-12-27 06:33:31,931 - aiokafka.consumer.subscription_state - INFO - Updating subscribed topics to: frozenset({'scenarios'})
2025-12-27 06:33:31,999 - aiokafka.consumer.group_coordinator - INFO - Discovered coordinator 1 for group runners_group
2025-12-27 06:33:32,000 - aiokafka.consumer.group_coordinator - INFO - Revoking previously assigned partitions set() for group runners_group
2025-12-27 06:33:32,000 - aiokafka.consumer.group_coordinator - INFO - (Re-)joining group runners_group
2025-12-27 06:33:35,128 - aiokafka.consumer.group_coordinator - INFO - Joined group 'runners_group' (generation 46) with member_id aiokafka-0.10.0-3eb9e10b-b186-4423-9579-21d30e361292
2025-12-27 06:33:35,133 - aiokafka.consumer.group_coordinator - INFO - Successfully synced group runners_group with generation 46
2025-12-27 06:33:35,133 - aiokafka.consumer.group_coordinator - INFO - Setting newly assigned partitions {TopicPartition(topic='scenarios', partition=0)} for group runners_group
2025-12-27 06:33:35,134 - app.orchestrator.kafka_client - INFO - Consumer создан для топика 'scenarios', group_id='runners_group'
2025-12-27 06:33:35,134 - app.runner.kafka_worker - INFO - Worker runner_a4886336cd94 начал чтение из топика 'scenarios'
2025-12-27 06:33:35,138 - app.runner.kafka_worker - INFO - Worker runner_a4886336cd94 получил задачу для scenario_id=5
2025-12-27 06:33:35,139 - app.runner.runner - INFO - Runner runner_a4886336cd94 начинает обработку scenario_id=5
2025-12-27 06:33:35,139 - app.runner.video_processor - INFO - Чтение кадра 0 из видео: test_videos\video_2025-12-27_04-47-07.mp4
2025-12-27 06:33:35,139 - app.runner.runner - INFO - Кадр прочитан для scenario_id=5, размер: 10 байт
2025-12-27 06:33:35,751 - httpx - INFO - HTTP Request: POST http://localhost:8001/predict "HTTP/1.1 200 OK"
2025-12-27 06:33:35,752 - app.runner.inference_client - INFO - Получены предсказания от Inference: 1 объектов
2025-12-27 06:33:35,752 - app.runner.runner - INFO - Получены предсказания от Inference для scenario_id=5
2025-12-27 06:33:35,876 - app.runner.runner - INFO - Предсказания сохранены в БД для scenario_id=5
2025-12-27 06:33:35,968 - app.runner.runner - INFO - Статус обновлен на ACTIVE для scenario_id=5
2025-12-27 06:33:35,968 - app.runner.runner - INFO - Runner runner_a4886336cd94 успешно обработал scenario_id=5
2025-12-27 06:33:35,968 - app.runner.kafka_worker - INFO - Worker runner_a4886336cd94 успешно обработал scenario_id=5
2025-12-27 06:33:40,767 - app.runner.kafka_worker - INFO - Worker runner_a4886336cd94 получил задачу для scenario_id=5
2025-12-27 06:33:40,767 - app.runner.runner - INFO - Runner runner_a4886336cd94 начинает обработку scenario_id=5
2025-12-27 06:33:40,767 - app.runner.video_processor - INFO - Чтение кадра 0 из видео: test_videos\video_2025-12-27_04-47-07.mp4
2025-12-27 06:33:40,767 - app.runner.runner - INFO - Кадр прочитан для scenario_id=5, размер: 10 байт
2025-12-27 06:33:41,322 - httpx - INFO - HTTP Request: POST http://localhost:8001/predict "HTTP/1.1 200 OK"
2025-12-27 06:33:41,322 - app.runner.inference_client - INFO - Получены предсказания от Inference: 4 объектов
2025-12-27 06:33:41,322 - app.runner.runner - INFO - Получены предсказания от Inference для scenario_id=5
2025-12-27 06:33:41,406 - app.runner.runner - INFO - Предсказания сохранены в БД для scenario_id=5
2025-12-27 06:33:41,489 - app.runner.runner - INFO - Статус обновлен на ACTIVE для scenario_id=5
2025-12-27 06:33:41,489 - app.runner.runner - INFO - Runner runner_a4886336cd94 успешно обработал scenario_id=5
2025-12-27 06:33:41,489 - app.runner.kafka_worker - INFO - Worker runner_a4886336cd94 успешно обработал scenario_id=5
2025-12-27 06:34:12,582 - app.runner.kafka_worker - INFO - Worker runner_a4886336cd94 получил задачу для scenario_id=6
2025-12-27 06:34:12,582 - app.runner.runner - INFO - Runner runner_a4886336cd94 начинает обработку scenario_id=6
2025-12-27 06:34:12,583 - app.runner.video_processor - INFO - Чтение кадра 0 из видео: test_videos\video_2025-12-27_04-47-07.mp4
2025-12-27 06:34:12,583 - app.runner.runner - INFO - Кадр прочитан для scenario_id=6, размер: 10 байт
2025-12-27 06:34:13,490 - httpx - INFO - HTTP Request: POST http://localhost:8001/predict "HTTP/1.1 200 OK"
2025-12-27 06:34:13,491 - app.runner.inference_client - INFO - Получены предсказания от Inference: 2 объектов
2025-12-27 06:34:13,491 - app.runner.runner - INFO - Получены предсказания от Inference для scenario_id=6
2025-12-27 06:34:13,606 - app.runner.runner - INFO - Предсказания сохранены в БД для scenario_id=6
2025-12-27 06:34:13,736 - app.runner.runner - INFO - Статус обновлен на ACTIVE для scenario_id=6
2025-12-27 06:34:13,736 - app.runner.runner - INFO - Runner runner_a4886336cd94 успешно обработал scenario_id=6
2025-12-27 06:34:13,736 - app.runner.kafka_worker - INFO - Worker runner_a4886336cd94 успешно обработал scenario_id=6
2025-12-27 06:34:22,923 - app.runner.kafka_worker - INFO - Worker runner_a4886336cd94 получил задачу для scenario_id=6
2025-12-27 06:34:22,923 - app.runner.runner - INFO - Runner runner_a4886336cd94 начинает обработку scenario_id=6
2025-12-27 06:34:22,923 - app.runner.video_processor - INFO - Чтение кадра 0 из видео: test_videos\video_2025-12-27_04-47-07.mp4
2025-12-27 06:34:22,923 - app.runner.runner - INFO - Кадр прочитан для scenario_id=6, размер: 10 байт
2025-12-27 06:34:23,765 - httpx - INFO - HTTP Request: POST http://localhost:8001/predict "HTTP/1.1 200 OK"
2025-12-27 06:34:23,766 - app.runner.inference_client - INFO - Получены предсказания от Inference: 2 объектов
2025-12-27 06:34:23,767 - app.runner.runner - INFO - Получены предсказания от Inference для scenario_id=6
2025-12-27 06:34:23,879 - app.runner.runner - INFO - Предсказания сохранены в БД для scenario_id=6
2025-12-27 06:34:24,010 - app.runner.runner - INFO - Статус обновлен на ACTIVE для scenario_id=6
2025-12-27 06:34:24,010 - app.runner.runner - INFO - Runner runner_a4886336cd94 успешно обработал scenario_id=6
2025-12-27 06:34:24,010 - app.runner.kafka_worker - INFO - Worker runner_a4886336cd94 успешно обработал scenario_id=6
2025-12-27 06:37:16,719 - aiokafka.consumer.group_coordinator - INFO - LeaveGroup request succeeded
2025-12-27 06:37:16,720 - app.orchestrator.kafka_client - INFO - Отключение от Kafka завершено
2025-12-27 06:37:16,721 - app.runner.runner - INFO - Runner runner_a4886336cd94 остановлен
2025-12-27 06:37:16,721 - app.orchestrator.kafka_client - INFO - Отключение от Kafka завершено
2025-12-27 06:37:16,721 - app.runner.kafka_worker - INFO - Worker runner_a4886336cd94 остановлен
Подключение к базе данных установлено
Подключение к базе данных закрыто
Traceback (most recent call last):
  File "C:\Users\ноут\AppData\Local\Programs\Python\Python312\Lib\asyncio\runners.py", line 118, in run
    return self._loop.run_until_complete(task)
           ^^^^^^^^^^^^^^^^^^^^^^^^^^^^^^^^^^^
  File "C:\Users\ноут\AppData\Local\Programs\Python\Python312\Lib\asyncio\base_events.py", line 685, in run_until_complete
    return future.result()
           ^^^^^^^^^^^^^^^
  File "C:\Users\ноут\Desktop\arch_dz\run_worker.py", line 35, in main
    await worker.run()
  File "C:\Users\ноут\Desktop\arch_dz\app\runner\kafka_worker.py", line 94, in run
    async for msg in consumer:
  File "C:\Users\ноут\AppData\Local\Programs\Python\Python312\Lib\site-packages\aiokafka\consumer\consumer.py", line 1268, in __anext__
    return (await self.getone())
            ^^^^^^^^^^^^^^^^^^^
  File "C:\Users\ноут\AppData\Local\Programs\Python\Python312\Lib\site-packages\aiokafka\consumer\consumer.py", line 1154, in getone
    msg = await self._fetcher.next_record(partitions)
          ^^^^^^^^^^^^^^^^^^^^^^^^^^^^^^^^^^^^^^^^^^^
  File "C:\Users\ноут\AppData\Local\Programs\Python\Python312\Lib\site-packages\aiokafka\consumer\fetcher.py", line 1041, in next_record
    await waiter
asyncio.exceptions.CancelledError

During handling of the above exception, another exception occurred:

Traceback (most recent call last):
  File "C:\Users\ноут\Desktop\arch_dz\run_worker.py", line 43, in <module>
    asyncio.run(main())
  File "C:\Users\ноут\AppData\Local\Programs\Python\Python312\Lib\asyncio\runners.py", line 194, in run
    return runner.run(main)
           ^^^^^^^^^^^^^^^^
  File "C:\Users\ноут\AppData\Local\Programs\Python\Python312\Lib\asyncio\runners.py", line 123, in run
    raise KeyboardInterrupt()
KeyboardInterrupt
